<?xml version="1.0" encoding="UTF-8"?>
<coverage generated="1664467581">
  <project timestamp="1664467581">
    <file name="/home/jesper_privat/web-udvikling/linux-file-system-helper/src/Exceptions/LinuxFileSystemHelperException.php">
      <class name="LinuxFileSystemHelper\Exceptions\LinuxFileSystemHelperException" namespace="global">
        <metrics complexity="0" methods="0" coveredmethods="0" conditionals="0" coveredconditionals="0" statements="0" coveredstatements="0" elements="0" coveredelements="0"/>
      </class>
      <metrics loc="9" ncloc="9" classes="0" methods="0" coveredmethods="0" conditionals="0" coveredconditionals="0" statements="0" coveredstatements="0" elements="0" coveredelements="0"/>
    </file>
    <file name="/home/jesper_privat/web-udvikling/linux-file-system-helper/src/FileHelper.php">
      <class name="LinuxFileSystemHelper\FileHelper" namespace="global">
        <metrics complexity="8" methods="4" coveredmethods="2" conditionals="0" coveredconditionals="0" statements="13" coveredstatements="9" elements="17" coveredelements="11"/>
      </class>
      <line num="9" type="method" name="createFileIfNotExists" visibility="public" complexity="2" crap="2.15" count="1"/>
      <line num="11" type="stmt" count="1"/>
      <line num="12" type="stmt" count="1"/>
      <line num="14" type="stmt" count="0"/>
      <line num="18" type="method" name="diffFiles" visibility="public" complexity="1" crap="1" count="1"/>
      <line num="20" type="stmt" count="1"/>
      <line num="21" type="stmt" count="1"/>
      <line num="24" type="method" name="copyFile" visibility="public" complexity="1" crap="1" count="1"/>
      <line num="26" type="stmt" count="1"/>
      <line num="29" type="method" name="moveFile" visibility="public" complexity="4" crap="5.26" count="1"/>
      <line num="31" type="stmt" count="1"/>
      <line num="32" type="stmt" count="0"/>
      <line num="35" type="stmt" count="1"/>
      <line num="36" type="stmt" count="0"/>
      <line num="39" type="stmt" count="1"/>
      <line num="40" type="stmt" count="0"/>
      <line num="42" type="stmt" count="1"/>
      <metrics loc="45" ncloc="45" classes="1" methods="4" coveredmethods="2" conditionals="0" coveredconditionals="0" statements="13" coveredstatements="9" elements="17" coveredelements="11"/>
    </file>
    <file name="/home/jesper_privat/web-udvikling/linux-file-system-helper/src/FolderHelper.php">
      <class name="LinuxFileSystemHelper\FolderHelper" namespace="global">
        <metrics complexity="9" methods="3" coveredmethods="1" conditionals="0" coveredconditionals="0" statements="19" coveredstatements="17" elements="22" coveredelements="18"/>
      </class>
      <line num="18" type="method" name="createFolder" visibility="public" complexity="4" crap="4.05" count="4"/>
      <line num="21" type="stmt" count="4"/>
      <line num="22" type="stmt" count="0"/>
      <line num="25" type="stmt" count="4"/>
      <line num="26" type="stmt" count="1"/>
      <line num="29" type="stmt" count="3"/>
      <line num="30" type="stmt" count="1"/>
      <line num="32" type="stmt" count="2"/>
      <line num="50" type="method" name="listFilesRecursiveFromFolder" visibility="public" complexity="2" crap="2" count="3"/>
      <line num="52" type="stmt" count="3"/>
      <line num="55" type="stmt" count="3"/>
      <line num="56" type="stmt" count="2"/>
      <line num="59" type="stmt" count="3"/>
      <line num="60" type="stmt" count="3"/>
      <line num="61" type="stmt" count="3"/>
      <line num="70" type="method" name="isFolderEmpty" visibility="public" complexity="3" crap="3.04" count="1"/>
      <line num="72" type="stmt" count="1"/>
      <line num="74" type="stmt" count="1"/>
      <line num="75" type="stmt" count="0"/>
      <line num="78" type="stmt" count="1"/>
      <line num="79" type="stmt" count="1"/>
      <line num="82" type="stmt" count="1"/>
      <metrics loc="85" ncloc="56" classes="1" methods="3" coveredmethods="1" conditionals="0" coveredconditionals="0" statements="19" coveredstatements="17" elements="22" coveredelements="18"/>
    </file>
    <metrics files="3" loc="139" ncloc="110" classes="2" methods="7" coveredmethods="3" conditionals="0" coveredconditionals="0" statements="32" coveredstatements="26" elements="39" coveredelements="29"/>
  </project>
</coverage>
